<?xml version="1.0" encoding="UTF-8"?>
<testsuite xmlns:xsi="http://www.w3.org/2001/XMLSchema-instance" xsi:noNamespaceSchemaLocation="https://maven.apache.org/surefire/maven-surefire-plugin/xsd/surefire-test-report-3.0.xsd" version="3.0" name="pe.edu.vallegrande.msvstudents.infrastructure.rest.StudentControllerTest" time="3.098" tests="6" errors="0" skipped="0" failures="0">
  <properties>
[...]
</properties>
  <testcase name="shouldGetStudentsByInstitution_WhenValidHeaders" classname="pe.edu.vallegrande.msvstudents.infrastructure.rest.StudentControllerTest" time="0.36">
    <system-out><![CDATA[
  .   ____          _            __ _ _
 /\\ / ___'_ __ _ _(_)_ __  __ _ \ \ \ \
( ( )\___ | '_ | '_| | '_ \/ _` | \ \ \ \
 \\/  ___)| |_)| | | | | || (_| |  ) ) ) )
  '  |____| .__|_| |_|_| |_\__, | / / / /
 =========|_|==============|___/=/_/_/_/
 :: Spring Boot ::                (v3.1.1)

2025-11-03T01:58:02.104-05:00  INFO 13808 --- [           main] p.e.v.m.i.rest.StudentControllerTest     : Starting StudentControllerTest using Java 21.0.6 with PID 13808 (started by Usuario in C:\Users\Usuario\Documents\canalesrevisionIntermedia\vg-ms-students)
2025-11-03T01:58:02.107-05:00 DEBUG 13808 --- [           main] p.e.v.m.i.rest.StudentControllerTest     : Running with Spring Boot v3.1.1, Spring v6.0.10
2025-11-03T01:58:02.108-05:00  INFO 13808 --- [           main] p.e.v.m.i.rest.StudentControllerTest     : No active profile set, falling back to 1 default profile: "default"
2025-11-03T01:58:03.196-05:00 DEBUG 13808 --- [           main] s.w.r.r.m.a.RequestMappingHandlerMapping : 15 mappings in 'requestMappingHandlerMapping'
2025-11-03T01:58:03.216-05:00 DEBUG 13808 --- [           main] o.s.w.r.handler.SimpleUrlHandlerMapping  : Patterns [/webjars/**, /**] in 'resourceHandlerMapping'
2025-11-03T01:58:03.280-05:00 DEBUG 13808 --- [           main] o.s.w.r.r.m.a.ControllerMethodResolver   : ControllerAdvice beans: 0 @ModelAttribute, 0 @InitBinder, 1 @ExceptionHandler
2025-11-03T01:58:03.361-05:00 DEBUG 13808 --- [           main] o.s.w.s.adapter.HttpWebHandlerAdapter    : enableLoggingRequestDetails='false': form data and headers will be masked to prevent unsafe logging of potentially sensitive data
2025-11-03T01:58:03.389-05:00  INFO 13808 --- [           main] p.e.v.m.i.rest.StudentControllerTest     : Started StudentControllerTest in 1.912 seconds (process running for 5.907)
2025-11-03T01:58:03.457-05:00 DEBUG 13808 --- [           main] o.s.w.r.f.client.ExchangeFunctions       : [ca546a1] HTTP GET /api/v1/students/secretary
2025-11-03T01:58:03.497-05:00 DEBUG 13808 --- [     parallel-1] o.s.w.s.adapter.HttpWebHandlerAdapter    : [6ff17329] HTTP GET "/api/v1/students/secretary"
2025-11-03T01:58:03.515-05:00 DEBUG 13808 --- [     parallel-1] s.w.r.r.m.a.RequestMappingHandlerMapping : [6ff17329] Mapped to pe.edu.vallegrande.msvstudents.infrastructure.rest.StudentController#getStudentsByInstitution(ServerWebExchange)
2025-11-03T01:58:03.581-05:00 DEBUG 13808 --- [     parallel-1] o.s.w.r.r.m.a.ResponseBodyResultHandler  : [6ff17329] Using 'application/json' given [*/*] and supported [application/json, application/*+json, application/x-ndjson, text/event-stream]
2025-11-03T01:58:03.582-05:00 DEBUG 13808 --- [     parallel-1] o.s.w.r.r.m.a.ResponseBodyResultHandler  : [6ff17329] 0..1 [pe.edu.vallegrande.msvstudents.infrastructure.dto.response.ApiResponse<java.util.List<pe.edu.vallegrande.msvstudents.infrastructure.dto.response.StudentResponse>>]
2025-11-03T01:58:03.614-05:00 DEBUG 13808 --- [     parallel-1] org.springframework.web.HttpLogging      : [6ff17329] Encoding [ApiResponse(message=Students retrieved successfully, data=[StudentResponse(id=student-789, instituti (truncated)...]
2025-11-03T01:58:03.641-05:00 DEBUG 13808 --- [     parallel-1] o.s.w.s.adapter.HttpWebHandlerAdapter    : [6ff17329] Completed 200 OK
2025-11-03T01:58:03.646-05:00 DEBUG 13808 --- [     parallel-1] o.s.w.r.f.client.ExchangeFunctions       : [ca546a1] [4f0f109c] Response 200 OK
2025-11-03T01:58:03.677-05:00 DEBUG 13808 --- [           main] org.springframework.web.HttpLogging      : [ca546a1] [4f0f109c] Read 679 bytes
]]></system-out>
  </testcase>
  <testcase name="shouldValidateInputData_WhenCreatingStudent" classname="pe.edu.vallegrande.msvstudents.infrastructure.rest.StudentControllerTest" time="0.167">
    <system-out><![CDATA[2025-11-03T01:58:03.778-05:00 DEBUG 13808 --- [           main] o.s.w.r.f.client.ExchangeFunctions       : [191f4d65] HTTP POST /api/v1/students/secretary/create
2025-11-03T01:58:03.782-05:00 DEBUG 13808 --- [     parallel-2] org.springframework.web.HttpLogging      : [191f4d65] Writing "{"firstName":"","lastName":null,"documentType":null,"documentNumber":"123","birthDate":null,"gender" (truncated)..."
2025-11-03T01:58:03.783-05:00 DEBUG 13808 --- [     parallel-2] o.s.w.s.adapter.HttpWebHandlerAdapter    : [33dcdc89] HTTP POST "/api/v1/students/secretary/create"
2025-11-03T01:58:03.783-05:00 DEBUG 13808 --- [     parallel-2] s.w.r.r.m.a.RequestMappingHandlerMapping : [33dcdc89] Mapped to pe.edu.vallegrande.msvstudents.infrastructure.rest.StudentController#createStudent(CreateStudentRequest, ServerWebExchange)
2025-11-03T01:58:03.786-05:00 DEBUG 13808 --- [     parallel-2] .r.m.a.RequestBodyMethodArgumentResolver : [33dcdc89] Content-Type:application/json
2025-11-03T01:58:03.810-05:00 DEBUG 13808 --- [     parallel-2] .r.m.a.RequestBodyMethodArgumentResolver : [33dcdc89] 0..1 [pe.edu.vallegrande.msvstudents.infrastructure.dto.request.CreateStudentRequest]
2025-11-03T01:58:03.835-05:00 DEBUG 13808 --- [     parallel-2] org.springframework.web.HttpLogging      : [33dcdc89] Decoded [CreateStudentRequest(firstName=, lastName=null, documentType=null, documentNumber=123, birthDate=nul (truncated)...]
2025-11-03T01:58:03.922-05:00 DEBUG 13808 --- [     parallel-2] s.w.r.r.m.a.RequestMappingHandlerAdapter : [33dcdc89] Using @ExceptionHandler pe.edu.vallegrande.msvstudents.infrastructure.exception.GlobalExceptionHandler#handleValidationErrors(WebExchangeBindException)
2025-11-03T01:58:03.927-05:00 DEBUG 13808 --- [     parallel-2] .s.w.r.r.m.a.ResponseEntityResultHandler : [33dcdc89] Using 'application/json' given [*/*] and supported [application/json, application/*+json, application/x-ndjson, text/event-stream]
2025-11-03T01:58:03.927-05:00 DEBUG 13808 --- [     parallel-2] .s.w.r.r.m.a.ResponseEntityResultHandler : [33dcdc89] 0..1 [pe.edu.vallegrande.msvstudents.infrastructure.dto.response.ErrorResponse]
2025-11-03T01:58:03.929-05:00 DEBUG 13808 --- [     parallel-2] org.springframework.web.HttpLogging      : [33dcdc89] Encoding [ErrorResponse(error=Validation failed: 'gender': Gender is required, 'lastName': Last name is requir (truncated)...]
2025-11-03T01:58:03.929-05:00 DEBUG 13808 --- [     parallel-2] o.s.w.s.adapter.HttpWebHandlerAdapter    : [33dcdc89] Completed 400 BAD_REQUEST
2025-11-03T01:58:03.930-05:00 DEBUG 13808 --- [     parallel-2] o.s.w.r.f.client.ExchangeFunctions       : [191f4d65] [3ecc60b8] Response 400 BAD_REQUEST
]]></system-out>
  </testcase>
  <testcase name="shouldFailToGetStudents_WhenInsufficientRole" classname="pe.edu.vallegrande.msvstudents.infrastructure.rest.StudentControllerTest" time="0.022">
    <system-out><![CDATA[2025-11-03T01:58:03.937-05:00 DEBUG 13808 --- [           main] o.s.w.r.f.client.ExchangeFunctions       : [6326c5ec] HTTP GET /api/v1/students/secretary
2025-11-03T01:58:03.938-05:00 DEBUG 13808 --- [     parallel-3] o.s.w.s.adapter.HttpWebHandlerAdapter    : [31ae0b91] HTTP GET "/api/v1/students/secretary"
2025-11-03T01:58:03.939-05:00 DEBUG 13808 --- [     parallel-3] s.w.r.r.m.a.RequestMappingHandlerMapping : [31ae0b91] Mapped to pe.edu.vallegrande.msvstudents.infrastructure.rest.StudentController#getStudentsByInstitution(ServerWebExchange)
2025-11-03T01:58:03.940-05:00 DEBUG 13808 --- [     parallel-3] o.s.w.r.r.m.a.ResponseBodyResultHandler  : [31ae0b91] Using 'application/json' given [*/*] and supported [application/json, application/*+json, application/x-ndjson, text/event-stream]
2025-11-03T01:58:03.940-05:00 DEBUG 13808 --- [     parallel-3] o.s.w.r.r.m.a.ResponseBodyResultHandler  : [31ae0b91] 0..1 [pe.edu.vallegrande.msvstudents.infrastructure.dto.response.ApiResponse<java.util.List<pe.edu.vallegrande.msvstudents.infrastructure.dto.response.StudentResponse>>]
2025-11-03T01:58:03.945-05:00 DEBUG 13808 --- [     parallel-3] s.w.r.r.m.a.RequestMappingHandlerAdapter : [31ae0b91] Using @ExceptionHandler pe.edu.vallegrande.msvstudents.infrastructure.exception.GlobalExceptionHandler#handleInsufficientPermissionsException(InsufficientPermissionsException)
2025-11-03T01:58:03.947-05:00 DEBUG 13808 --- [     parallel-3] .s.w.r.r.m.a.ResponseEntityResultHandler : [31ae0b91] Using 'application/json' given [*/*] and supported [application/json, application/*+json, application/x-ndjson, text/event-stream]
2025-11-03T01:58:03.948-05:00 DEBUG 13808 --- [     parallel-3] .s.w.r.r.m.a.ResponseEntityResultHandler : [31ae0b91] 0..1 [pe.edu.vallegrande.msvstudents.infrastructure.dto.response.ErrorResponse]
2025-11-03T01:58:03.948-05:00 DEBUG 13808 --- [     parallel-3] org.springframework.web.HttpLogging      : [31ae0b91] Encoding [ErrorResponse(error=Insufficient permissions. Role 'SECRETARY' is required to access this endpoint.)]
2025-11-03T01:58:03.949-05:00 DEBUG 13808 --- [     parallel-3] o.s.w.s.adapter.HttpWebHandlerAdapter    : [31ae0b91] Completed 403 FORBIDDEN
2025-11-03T01:58:03.949-05:00 DEBUG 13808 --- [     parallel-3] o.s.w.r.f.client.ExchangeFunctions       : [6326c5ec] [20fe14d8] Response 403 FORBIDDEN
2025-11-03T01:58:03.950-05:00 DEBUG 13808 --- [           main] o.s.w.r.f.client.ExchangeFunctions       : [709d86a2] HTTP GET /api/v1/students/secretary
2025-11-03T01:58:03.951-05:00 DEBUG 13808 --- [     parallel-4] o.s.w.s.adapter.HttpWebHandlerAdapter    : [610d997e] HTTP GET "/api/v1/students/secretary"
2025-11-03T01:58:03.951-05:00 DEBUG 13808 --- [     parallel-4] s.w.r.r.m.a.RequestMappingHandlerMapping : [610d997e] Mapped to pe.edu.vallegrande.msvstudents.infrastructure.rest.StudentController#getStudentsByInstitution(ServerWebExchange)
2025-11-03T01:58:03.952-05:00 DEBUG 13808 --- [     parallel-4] o.s.w.r.r.m.a.ResponseBodyResultHandler  : [610d997e] Using 'application/json' given [*/*] and supported [application/json, application/*+json, application/x-ndjson, text/event-stream]
2025-11-03T01:58:03.952-05:00 DEBUG 13808 --- [     parallel-4] o.s.w.r.r.m.a.ResponseBodyResultHandler  : [610d997e] 0..1 [pe.edu.vallegrande.msvstudents.infrastructure.dto.response.ApiResponse<java.util.List<pe.edu.vallegrande.msvstudents.infrastructure.dto.response.StudentResponse>>]
2025-11-03T01:58:03.952-05:00 DEBUG 13808 --- [     parallel-4] s.w.r.r.m.a.RequestMappingHandlerAdapter : [610d997e] Using @ExceptionHandler pe.edu.vallegrande.msvstudents.infrastructure.exception.GlobalExceptionHandler#handleInsufficientPermissionsException(InsufficientPermissionsException)
2025-11-03T01:58:03.953-05:00 DEBUG 13808 --- [     parallel-4] .s.w.r.r.m.a.ResponseEntityResultHandler : [610d997e] Using 'application/json' given [*/*] and supported [application/json, application/*+json, application/x-ndjson, text/event-stream]
2025-11-03T01:58:03.953-05:00 DEBUG 13808 --- [     parallel-4] .s.w.r.r.m.a.ResponseEntityResultHandler : [610d997e] 0..1 [pe.edu.vallegrande.msvstudents.infrastructure.dto.response.ErrorResponse]
2025-11-03T01:58:03.953-05:00 DEBUG 13808 --- [     parallel-4] org.springframework.web.HttpLogging      : [610d997e] Encoding [ErrorResponse(error=Insufficient permissions. Role 'SECRETARY' is required to access this endpoint.)]
2025-11-03T01:58:03.954-05:00 DEBUG 13808 --- [     parallel-4] o.s.w.s.adapter.HttpWebHandlerAdapter    : [610d997e] Completed 403 FORBIDDEN
2025-11-03T01:58:03.954-05:00 DEBUG 13808 --- [     parallel-4] o.s.w.r.f.client.ExchangeFunctions       : [709d86a2] [6bf5f20e] Response 403 FORBIDDEN
]]></system-out>
  </testcase>
  <testcase name="shouldHandleServiceErrors_Appropriately" classname="pe.edu.vallegrande.msvstudents.infrastructure.rest.StudentControllerTest" time="0.067">
    <system-out><![CDATA[2025-11-03T01:58:03.964-05:00 DEBUG 13808 --- [           main] o.s.w.r.f.client.ExchangeFunctions       : [ce655b9] HTTP POST /api/v1/students/secretary/create
2025-11-03T01:58:03.975-05:00 DEBUG 13808 --- [     parallel-5] org.springframework.web.HttpLogging      : [ce655b9] Writing "{"firstName":"María","lastName":"González","documentType":"DNI","documentNumber":"87654321","birthDa (truncated)..."
2025-11-03T01:58:03.977-05:00 DEBUG 13808 --- [     parallel-5] o.s.w.s.adapter.HttpWebHandlerAdapter    : [70b50fda] HTTP POST "/api/v1/students/secretary/create"
2025-11-03T01:58:03.982-05:00 DEBUG 13808 --- [     parallel-5] s.w.r.r.m.a.RequestMappingHandlerMapping : [70b50fda] Mapped to pe.edu.vallegrande.msvstudents.infrastructure.rest.StudentController#createStudent(CreateStudentRequest, ServerWebExchange)
2025-11-03T01:58:03.983-05:00 DEBUG 13808 --- [     parallel-5] .r.m.a.RequestBodyMethodArgumentResolver : [70b50fda] Content-Type:application/json
2025-11-03T01:58:03.983-05:00 DEBUG 13808 --- [     parallel-5] .r.m.a.RequestBodyMethodArgumentResolver : [70b50fda] 0..1 [pe.edu.vallegrande.msvstudents.infrastructure.dto.request.CreateStudentRequest]
2025-11-03T01:58:03.986-05:00 DEBUG 13808 --- [     parallel-5] org.springframework.web.HttpLogging      : [70b50fda] Decoded [CreateStudentRequest(firstName=María, lastName=González, documentType=DNI, documentNumber=87654321,  (truncated)...]
2025-11-03T01:58:04.011-05:00 DEBUG 13808 --- [     parallel-5] o.s.w.r.r.m.a.ResponseBodyResultHandler  : [70b50fda] Using 'application/json' given [*/*] and supported [application/json, application/*+json, application/x-ndjson, text/event-stream]
2025-11-03T01:58:04.011-05:00 DEBUG 13808 --- [     parallel-5] o.s.w.r.r.m.a.ResponseBodyResultHandler  : [70b50fda] 0..1 [pe.edu.vallegrande.msvstudents.infrastructure.dto.response.ApiResponse<java.util.Map<java.lang.String, java.lang.Object>>]
2025-11-03T01:58:04.015-05:00 DEBUG 13808 --- [     parallel-5] s.w.r.r.m.a.RequestMappingHandlerAdapter : [70b50fda] Using @ExceptionHandler pe.edu.vallegrande.msvstudents.infrastructure.exception.GlobalExceptionHandler#handleIllegalArgumentException(IllegalArgumentException)
2025-11-03T01:58:04.015-05:00 DEBUG 13808 --- [     parallel-5] .s.w.r.r.m.a.ResponseEntityResultHandler : [70b50fda] Using 'application/json' given [*/*] and supported [application/json, application/*+json, application/x-ndjson, text/event-stream]
2025-11-03T01:58:04.015-05:00 DEBUG 13808 --- [     parallel-5] .s.w.r.r.m.a.ResponseEntityResultHandler : [70b50fda] 0..1 [pe.edu.vallegrande.msvstudents.infrastructure.dto.response.ErrorResponse]
2025-11-03T01:58:04.016-05:00 DEBUG 13808 --- [     parallel-5] org.springframework.web.HttpLogging      : [70b50fda] Encoding [ErrorResponse(error=Student already exists)]
2025-11-03T01:58:04.016-05:00 DEBUG 13808 --- [     parallel-5] o.s.w.s.adapter.HttpWebHandlerAdapter    : [70b50fda] Completed 400 BAD_REQUEST
2025-11-03T01:58:04.017-05:00 DEBUG 13808 --- [     parallel-5] o.s.w.r.f.client.ExchangeFunctions       : [ce655b9] [1f412912] Response 400 BAD_REQUEST
2025-11-03T01:58:04.017-05:00 DEBUG 13808 --- [           main] org.springframework.web.HttpLogging      : [ce655b9] [1f412912] Read 34 bytes
]]></system-out>
  </testcase>
  <testcase name="shouldFailToCreateStudent_WhenMissingRequiredHeaders" classname="pe.edu.vallegrande.msvstudents.infrastructure.rest.StudentControllerTest" time="0.037">
    <system-out><![CDATA[2025-11-03T01:58:04.031-05:00 DEBUG 13808 --- [           main] o.s.w.r.f.client.ExchangeFunctions       : [241fc278] HTTP POST /api/v1/students/secretary/create
2025-11-03T01:58:04.033-05:00 DEBUG 13808 --- [     parallel-6] org.springframework.web.HttpLogging      : [241fc278] Writing "{"firstName":"María","lastName":"González","documentType":"DNI","documentNumber":"87654321","birthDa (truncated)..."
2025-11-03T01:58:04.033-05:00 DEBUG 13808 --- [     parallel-6] o.s.w.s.adapter.HttpWebHandlerAdapter    : [4e319f8c] HTTP POST "/api/v1/students/secretary/create"
2025-11-03T01:58:04.035-05:00 DEBUG 13808 --- [     parallel-6] s.w.r.r.m.a.RequestMappingHandlerMapping : [4e319f8c] Mapped to pe.edu.vallegrande.msvstudents.infrastructure.rest.StudentController#createStudent(CreateStudentRequest, ServerWebExchange)
2025-11-03T01:58:04.035-05:00 DEBUG 13808 --- [     parallel-6] .r.m.a.RequestBodyMethodArgumentResolver : [4e319f8c] Content-Type:application/json
2025-11-03T01:58:04.036-05:00 DEBUG 13808 --- [     parallel-6] .r.m.a.RequestBodyMethodArgumentResolver : [4e319f8c] 0..1 [pe.edu.vallegrande.msvstudents.infrastructure.dto.request.CreateStudentRequest]
2025-11-03T01:58:04.037-05:00 DEBUG 13808 --- [     parallel-6] org.springframework.web.HttpLogging      : [4e319f8c] Decoded [CreateStudentRequest(firstName=María, lastName=González, documentType=DNI, documentNumber=87654321,  (truncated)...]
2025-11-03T01:58:04.039-05:00 DEBUG 13808 --- [     parallel-6] o.s.w.r.r.m.a.ResponseBodyResultHandler  : [4e319f8c] Using 'application/json' given [*/*] and supported [application/json, application/*+json, application/x-ndjson, text/event-stream]
2025-11-03T01:58:04.039-05:00 DEBUG 13808 --- [     parallel-6] o.s.w.r.r.m.a.ResponseBodyResultHandler  : [4e319f8c] 0..1 [pe.edu.vallegrande.msvstudents.infrastructure.dto.response.ApiResponse<java.util.Map<java.lang.String, java.lang.Object>>]
2025-11-03T01:58:04.039-05:00 DEBUG 13808 --- [     parallel-6] s.w.r.r.m.a.RequestMappingHandlerAdapter : [4e319f8c] Using @ExceptionHandler pe.edu.vallegrande.msvstudents.infrastructure.exception.GlobalExceptionHandler#handleInvalidTokenException(InvalidTokenException)
2025-11-03T01:58:04.039-05:00 DEBUG 13808 --- [     parallel-6] .s.w.r.r.m.a.ResponseEntityResultHandler : [4e319f8c] Using 'application/json' given [*/*] and supported [application/json, application/*+json, application/x-ndjson, text/event-stream]
2025-11-03T01:58:04.041-05:00 DEBUG 13808 --- [     parallel-6] .s.w.r.r.m.a.ResponseEntityResultHandler : [4e319f8c] 0..1 [pe.edu.vallegrande.msvstudents.infrastructure.dto.response.ErrorResponse]
2025-11-03T01:58:04.041-05:00 DEBUG 13808 --- [     parallel-6] org.springframework.web.HttpLogging      : [4e319f8c] Encoding [ErrorResponse(error=Invalid header 'X-User-Id': Header is required)]
2025-11-03T01:58:04.041-05:00 DEBUG 13808 --- [     parallel-6] o.s.w.s.adapter.HttpWebHandlerAdapter    : [4e319f8c] Completed 401 UNAUTHORIZED
2025-11-03T01:58:04.042-05:00 DEBUG 13808 --- [     parallel-6] o.s.w.r.f.client.ExchangeFunctions       : [241fc278] [44c9f4fc] Response 401 UNAUTHORIZED
2025-11-03T01:58:04.042-05:00 DEBUG 13808 --- [           main] o.s.w.r.f.client.ExchangeFunctions       : [5aab5b31] HTTP POST /api/v1/students/secretary/create
2025-11-03T01:58:04.043-05:00 DEBUG 13808 --- [     parallel-7] org.springframework.web.HttpLogging      : [5aab5b31] Writing "{"firstName":"María","lastName":"González","documentType":"DNI","documentNumber":"87654321","birthDa (truncated)..."
2025-11-03T01:58:04.045-05:00 DEBUG 13808 --- [     parallel-7] o.s.w.s.adapter.HttpWebHandlerAdapter    : [59fdd95] HTTP POST "/api/v1/students/secretary/create"
2025-11-03T01:58:04.045-05:00 DEBUG 13808 --- [     parallel-7] s.w.r.r.m.a.RequestMappingHandlerMapping : [59fdd95] Mapped to pe.edu.vallegrande.msvstudents.infrastructure.rest.StudentController#createStudent(CreateStudentRequest, ServerWebExchange)
2025-11-03T01:58:04.045-05:00 DEBUG 13808 --- [     parallel-7] .r.m.a.RequestBodyMethodArgumentResolver : [59fdd95] Content-Type:application/json
2025-11-03T01:58:04.045-05:00 DEBUG 13808 --- [     parallel-7] .r.m.a.RequestBodyMethodArgumentResolver : [59fdd95] 0..1 [pe.edu.vallegrande.msvstudents.infrastructure.dto.request.CreateStudentRequest]
2025-11-03T01:58:04.046-05:00 DEBUG 13808 --- [     parallel-7] org.springframework.web.HttpLogging      : [59fdd95] Decoded [CreateStudentRequest(firstName=María, lastName=González, documentType=DNI, documentNumber=87654321,  (truncated)...]
2025-11-03T01:58:04.048-05:00 DEBUG 13808 --- [     parallel-7] o.s.w.r.r.m.a.ResponseBodyResultHandler  : [59fdd95] Using 'application/json' given [*/*] and supported [application/json, application/*+json, application/x-ndjson, text/event-stream]
2025-11-03T01:58:04.048-05:00 DEBUG 13808 --- [     parallel-7] o.s.w.r.r.m.a.ResponseBodyResultHandler  : [59fdd95] 0..1 [pe.edu.vallegrande.msvstudents.infrastructure.dto.response.ApiResponse<java.util.Map<java.lang.String, java.lang.Object>>]
2025-11-03T01:58:04.048-05:00 DEBUG 13808 --- [     parallel-7] s.w.r.r.m.a.RequestMappingHandlerAdapter : [59fdd95] Using @ExceptionHandler pe.edu.vallegrande.msvstudents.infrastructure.exception.GlobalExceptionHandler#handleInvalidTokenException(InvalidTokenException)
2025-11-03T01:58:04.049-05:00 DEBUG 13808 --- [     parallel-7] .s.w.r.r.m.a.ResponseEntityResultHandler : [59fdd95] Using 'application/json' given [*/*] and supported [application/json, application/*+json, application/x-ndjson, text/event-stream]
2025-11-03T01:58:04.049-05:00 DEBUG 13808 --- [     parallel-7] .s.w.r.r.m.a.ResponseEntityResultHandler : [59fdd95] 0..1 [pe.edu.vallegrande.msvstudents.infrastructure.dto.response.ErrorResponse]
2025-11-03T01:58:04.050-05:00 DEBUG 13808 --- [     parallel-7] org.springframework.web.HttpLogging      : [59fdd95] Encoding [ErrorResponse(error=Invalid header 'X-User-Roles': Header is required)]
2025-11-03T01:58:04.051-05:00 DEBUG 13808 --- [     parallel-7] o.s.w.s.adapter.HttpWebHandlerAdapter    : [59fdd95] Completed 401 UNAUTHORIZED
2025-11-03T01:58:04.051-05:00 DEBUG 13808 --- [     parallel-7] o.s.w.r.f.client.ExchangeFunctions       : [5aab5b31] [f67b6e5] Response 401 UNAUTHORIZED
2025-11-03T01:58:04.052-05:00 DEBUG 13808 --- [           main] o.s.w.r.f.client.ExchangeFunctions       : [eded048] HTTP POST /api/v1/students/secretary/create
2025-11-03T01:58:04.053-05:00 DEBUG 13808 --- [     parallel-8] org.springframework.web.HttpLogging      : [eded048] Writing "{"firstName":"María","lastName":"González","documentType":"DNI","documentNumber":"87654321","birthDa (truncated)..."
2025-11-03T01:58:04.054-05:00 DEBUG 13808 --- [     parallel-8] o.s.w.s.adapter.HttpWebHandlerAdapter    : [604b2c94] HTTP POST "/api/v1/students/secretary/create"
2025-11-03T01:58:04.054-05:00 DEBUG 13808 --- [     parallel-8] s.w.r.r.m.a.RequestMappingHandlerMapping : [604b2c94] Mapped to pe.edu.vallegrande.msvstudents.infrastructure.rest.StudentController#createStudent(CreateStudentRequest, ServerWebExchange)
2025-11-03T01:58:04.055-05:00 DEBUG 13808 --- [     parallel-8] .r.m.a.RequestBodyMethodArgumentResolver : [604b2c94] Content-Type:application/json
2025-11-03T01:58:04.056-05:00 DEBUG 13808 --- [     parallel-8] .r.m.a.RequestBodyMethodArgumentResolver : [604b2c94] 0..1 [pe.edu.vallegrande.msvstudents.infrastructure.dto.request.CreateStudentRequest]
2025-11-03T01:58:04.056-05:00 DEBUG 13808 --- [     parallel-8] org.springframework.web.HttpLogging      : [604b2c94] Decoded [CreateStudentRequest(firstName=María, lastName=González, documentType=DNI, documentNumber=87654321,  (truncated)...]
2025-11-03T01:58:04.057-05:00 DEBUG 13808 --- [     parallel-8] o.s.w.r.r.m.a.ResponseBodyResultHandler  : [604b2c94] Using 'application/json' given [*/*] and supported [application/json, application/*+json, application/x-ndjson, text/event-stream]
2025-11-03T01:58:04.059-05:00 DEBUG 13808 --- [     parallel-8] o.s.w.r.r.m.a.ResponseBodyResultHandler  : [604b2c94] 0..1 [pe.edu.vallegrande.msvstudents.infrastructure.dto.response.ApiResponse<java.util.Map<java.lang.String, java.lang.Object>>]
2025-11-03T01:58:04.059-05:00 DEBUG 13808 --- [     parallel-8] s.w.r.r.m.a.RequestMappingHandlerAdapter : [604b2c94] Using @ExceptionHandler pe.edu.vallegrande.msvstudents.infrastructure.exception.GlobalExceptionHandler#handleInvalidTokenException(InvalidTokenException)
2025-11-03T01:58:04.060-05:00 DEBUG 13808 --- [     parallel-8] .s.w.r.r.m.a.ResponseEntityResultHandler : [604b2c94] Using 'application/json' given [*/*] and supported [application/json, application/*+json, application/x-ndjson, text/event-stream]
2025-11-03T01:58:04.060-05:00 DEBUG 13808 --- [     parallel-8] .s.w.r.r.m.a.ResponseEntityResultHandler : [604b2c94] 0..1 [pe.edu.vallegrande.msvstudents.infrastructure.dto.response.ErrorResponse]
2025-11-03T01:58:04.061-05:00 DEBUG 13808 --- [     parallel-8] org.springframework.web.HttpLogging      : [604b2c94] Encoding [ErrorResponse(error=Invalid header 'X-Institution-Id': Header is required for secretary or teacher r (truncated)...]
2025-11-03T01:58:04.061-05:00 DEBUG 13808 --- [     parallel-8] o.s.w.s.adapter.HttpWebHandlerAdapter    : [604b2c94] Completed 401 UNAUTHORIZED
2025-11-03T01:58:04.063-05:00 DEBUG 13808 --- [     parallel-8] o.s.w.r.f.client.ExchangeFunctions       : [eded048] [6ab347e4] Response 401 UNAUTHORIZED
]]></system-out>
  </testcase>
  <testcase name="shouldCreateStudent_WhenValidHeadersProvided" classname="pe.edu.vallegrande.msvstudents.infrastructure.rest.StudentControllerTest" time="0.032">
    <system-out><![CDATA[2025-11-03T01:58:04.073-05:00 DEBUG 13808 --- [           main] o.s.w.r.f.client.ExchangeFunctions       : [655621fd] HTTP POST /api/v1/students/secretary/create
2025-11-03T01:58:04.075-05:00 DEBUG 13808 --- [     parallel-9] org.springframework.web.HttpLogging      : [655621fd] Writing "{"firstName":"María","lastName":"González","documentType":"DNI","documentNumber":"87654321","birthDa (truncated)..."
2025-11-03T01:58:04.076-05:00 DEBUG 13808 --- [     parallel-9] o.s.w.s.adapter.HttpWebHandlerAdapter    : [1011ed50] HTTP POST "/api/v1/students/secretary/create"
2025-11-03T01:58:04.077-05:00 DEBUG 13808 --- [     parallel-9] s.w.r.r.m.a.RequestMappingHandlerMapping : [1011ed50] Mapped to pe.edu.vallegrande.msvstudents.infrastructure.rest.StudentController#createStudent(CreateStudentRequest, ServerWebExchange)
2025-11-03T01:58:04.078-05:00 DEBUG 13808 --- [     parallel-9] .r.m.a.RequestBodyMethodArgumentResolver : [1011ed50] Content-Type:application/json
2025-11-03T01:58:04.078-05:00 DEBUG 13808 --- [     parallel-9] .r.m.a.RequestBodyMethodArgumentResolver : [1011ed50] 0..1 [pe.edu.vallegrande.msvstudents.infrastructure.dto.request.CreateStudentRequest]
2025-11-03T01:58:04.079-05:00 DEBUG 13808 --- [     parallel-9] org.springframework.web.HttpLogging      : [1011ed50] Decoded [CreateStudentRequest(firstName=María, lastName=González, documentType=DNI, documentNumber=87654321,  (truncated)...]
2025-11-03T01:58:04.082-05:00 DEBUG 13808 --- [     parallel-9] o.s.w.r.r.m.a.ResponseBodyResultHandler  : [1011ed50] Using 'application/json' given [*/*] and supported [application/json, application/*+json, application/x-ndjson, text/event-stream]
2025-11-03T01:58:04.083-05:00 DEBUG 13808 --- [     parallel-9] o.s.w.r.r.m.a.ResponseBodyResultHandler  : [1011ed50] 0..1 [pe.edu.vallegrande.msvstudents.infrastructure.dto.response.ApiResponse<java.util.Map<java.lang.String, java.lang.Object>>]
2025-11-03T01:58:04.088-05:00 DEBUG 13808 --- [     parallel-9] org.springframework.web.HttpLogging      : [1011ed50] Encoding [ApiResponse(message=Student created successfully, data={student=StudentResponse(id=student-789, inst (truncated)...]
2025-11-03T01:58:04.096-05:00 DEBUG 13808 --- [     parallel-9] o.s.w.s.adapter.HttpWebHandlerAdapter    : [1011ed50] Completed 200 OK
2025-11-03T01:58:04.097-05:00 DEBUG 13808 --- [     parallel-9] o.s.w.r.f.client.ExchangeFunctions       : [655621fd] [31e19a38] Response 200 OK
2025-11-03T01:58:04.098-05:00 DEBUG 13808 --- [           main] org.springframework.web.HttpLogging      : [655621fd] [31e19a38] Read 491 bytes
]]></system-out>
  </testcase>
</testsuite>